<?xml version="1.0" encoding="UTF-8"?>
<testsuite xmlns:xsi="http://www.w3.org/2001/XMLSchema-instance" xsi:schemaLocation="https://maven.apache.org/surefire/maven-surefire-plugin/xsd/surefire-test-report.xsd" name="code_coverage_4.code_coverage_4.Func1Test" time="0.112" tests="2" errors="0" skipped="0" failures="0">
  <properties>
[...]
</properties>
  <testcase name="T2_xZero_shouldThrowException" classname="code_coverage_4.code_coverage_4.Func1Test" time="0.013"/>
  <testcase name="T1_xNotZero_yZero_shouldPass" classname="code_coverage_4.code_coverage_4.Func1Test" time="0"/>
</testsuite>